  FTL.c
C:\Users\simyj\source\repos\sector mapping\sector mapping\FTL.c(125,66): warning C4047: '함수': 'char *'의 간접 참조 수준이 'char'과(와) 다릅니다.
C:\Users\simyj\source\repos\sector mapping\sector mapping\FTL.c(125,66): warning C4024: 'FTL_save_original_info': 형식 및 실제 매개 변수 3의 형식이 서로 다릅니다.
C:\Users\simyj\source\repos\sector mapping\sector mapping\FTL.c(125,72): warning C4047: '함수': 'char *'의 간접 참조 수준이 'char'과(와) 다릅니다.
C:\Users\simyj\source\repos\sector mapping\sector mapping\FTL.c(125,72): warning C4024: 'FTL_save_original_info': 형식 및 실제 매개 변수 4의 형식이 서로 다릅니다.
C:\Users\simyj\source\repos\sector mapping\sector mapping\FTL.c(125,81): warning C4047: '함수': 'char *'의 간접 참조 수준이 'char'과(와) 다릅니다.
C:\Users\simyj\source\repos\sector mapping\sector mapping\FTL.c(125,81): warning C4024: 'FTL_save_original_info': 형식 및 실제 매개 변수 5의 형식이 서로 다릅니다.
C:\Users\simyj\source\repos\sector mapping\sector mapping\FTL.c(128,66): warning C4047: '함수': 'char *'의 간접 참조 수준이 'char'과(와) 다릅니다.
C:\Users\simyj\source\repos\sector mapping\sector mapping\FTL.c(128,66): warning C4024: 'FTL_save_original_info': 형식 및 실제 매개 변수 3의 형식이 서로 다릅니다.
C:\Users\simyj\source\repos\sector mapping\sector mapping\FTL.c(128,72): warning C4047: '함수': 'char *'의 간접 참조 수준이 'char'과(와) 다릅니다.
C:\Users\simyj\source\repos\sector mapping\sector mapping\FTL.c(128,72): warning C4024: 'FTL_save_original_info': 형식 및 실제 매개 변수 4의 형식이 서로 다릅니다.
C:\Users\simyj\source\repos\sector mapping\sector mapping\FTL.c(128,81): warning C4047: '함수': 'char *'의 간접 참조 수준이 'char'과(와) 다릅니다.
C:\Users\simyj\source\repos\sector mapping\sector mapping\FTL.c(128,81): warning C4024: 'FTL_save_original_info': 형식 및 실제 매개 변수 5의 형식이 서로 다릅니다.
  FlashMemory.c
  main.c
  코드를 생성하고 있습니다.
C:\Users\simyj\source\repos\sector mapping\sector mapping\FTL.c(261): warning C4715: 'FTL_save_original_info': 모든 제어 경로에서 값을 반환하지는 않습니다.
  9 of 19 functions (47.4%) were compiled, the rest were copied from previous compilation.
    0 functions were new in current compilation
    2 functions had inline decision re-evaluated but remain unchanged
  코드를 생성했습니다.
  sector mapping.vcxproj -> C:\Users\simyj\source\repos\sector mapping\sector mapping\x64\Release\sector mapping.exe
